<?xml version="1.0" encoding="UTF-8"?>
<testng-results ignored="1" total="2" passed="1" failed="0" skipped="0">
  <reporter-output>
  </reporter-output>
  <suite started-at="2023-07-06T16:06:46Z" name="Default suite" finished-at="2023-07-06T16:06:58Z" duration-ms="12290">
    <groups>
    </groups>
    <test started-at="2023-07-06T16:06:46Z" name="Default test" finished-at="2023-07-06T16:06:58Z" duration-ms="12290">
      <class name="Gaincare.gaincare_Test">
        <test-method is-config="true" signature="LaunchDriver()[pri:0, instance:Gaincare.gaincare_Test@60b4beb4]" started-at="2023-07-06T21:36:46Z" name="LaunchDriver" finished-at="2023-07-06T21:36:55Z" duration-ms="9288" status="PASS">
          <reporter-output>
          </reporter-output>
        </test-method> <!-- LaunchDriver -->
        <test-method signature="loginpage()[pri:0, instance:Gaincare.gaincare_Test@60b4beb4]" started-at="2023-07-06T21:36:55Z" name="loginpage" finished-at="2023-07-06T21:36:58Z" duration-ms="2981" status="PASS">
          <reporter-output>
          </reporter-output>
        </test-method> <!-- loginpage -->
        <test-method is-config="true" signature="Endbrowser()[pri:0, instance:Gaincare.gaincare_Test@60b4beb4]" started-at="2023-07-06T21:36:58Z" name="Endbrowser" finished-at="2023-07-06T21:36:58Z" duration-ms="0" status="PASS">
          <reporter-output>
          </reporter-output>
        </test-method> <!-- Endbrowser -->
      </class> <!-- Gaincare.gaincare_Test -->
    </test> <!-- Default test -->
  </suite> <!-- Default suite -->
</testng-results>
